{"D:\\Practices\\assignment\\movies-world\\src\\App.tsx": {"path":"D:\\Practices\\assignment\\movies-world\\src\\App.tsx","statementMap":{"0":{"start":{"line":1,"column":0},"end":{"line":1,"column":32}},"1":{"start":{"line":3,"column":0},"end":{"line":3,"column":56}},"2":{"start":{"line":4,"column":0},"end":{"line":4,"column":48}},"3":{"start":{"line":5,"column":0},"end":{"line":5,"column":39}},"4":{"start":{"line":6,"column":0},"end":{"line":6,"column":48}},"5":{"start":{"line":7,"column":0},"end":{"line":7,"column":47}},"6":{"start":{"line":9,"column":38},"end":{"line":9,"column":50}},"7":{"start":{"line":11,"column":30},"end":{"line":11,"column":49}},"8":{"start":{"line":12,"column":44},"end":{"line":12,"column":81}},"9":{"start":{"line":13,"column":36},"end":{"line":13,"column":51}},"10":{"start":{"line":14,"column":23},"end":{"line":24,"column":4}},"11":{"start":{"line":14,"column":51},"end":{"line":24,"column":4}},"12":{"start":{"line":15,"column":4},"end":{"line":15,"column":23}},"13":{"start":{"line":16,"column":4},"end":{"line":23,"column":5}},"14":{"start":{"line":17,"column":19},"end":{"line":17,"column":48}},"15":{"start":{"line":18,"column":6},"end":{"line":18,"column":35}},"16":{"start":{"line":20,"column":6},"end":{"line":20,"column":57}},"17":{"start":{"line":22,"column":6},"end":{"line":22,"column":26}},"18":{"start":{"line":26,"column":28},"end":{"line":39,"column":3}},"19":{"start":{"line":27,"column":18},"end":{"line":27,"column":32}},"20":{"start":{"line":28,"column":4},"end":{"line":28,"column":25}},"21":{"start":{"line":29,"column":4},"end":{"line":29,"column":51}},"22":{"start":{"line":29,"column":23},"end":{"line":29,"column":51}},"23":{"start":{"line":30,"column":4},"end":{"line":38,"column":6}},"24":{"start":{"line":32,"column":8},"end":{"line":36,"column":9}},"25":{"start":{"line":33,"column":10},"end":{"line":33,"column":37}},"26":{"start":{"line":35,"column":10},"end":{"line":35,"column":24}},"27":{"start":{"line":41,"column":24},"end":{"line":48,"column":3}},"28":{"start":{"line":42,"column":4},"end":{"line":47,"column":5}},"29":{"start":{"line":43,"column":6},"end":{"line":43,"column":53}},"30":{"start":{"line":43,"column":25},"end":{"line":43,"column":53}},"31":{"start":{"line":44,"column":6},"end":{"line":46,"column":7}},"32":{"start":{"line":45,"column":8},"end":{"line":45,"column":40}},"33":{"start":{"line":50,"column":2},"end":{"line":82,"column":null}},"34":{"start":{"line":68,"column":18},"end":{"line":68,"column":null}},"35":{"start":{"line":85,"column":0},"end":{"line":85,"column":null}}},"fnMap":{"0":{"name":"App","decl":{"start":{"line":8,"column":9},"end":{"line":8,"column":12}},"loc":{"start":{"line":8,"column":12},"end":{"line":83,"column":1}}},"1":{"name":"(anonymous_9)","decl":{"start":{"line":14,"column":23},"end":{"line":14,"column":30}},"loc":{"start":{"line":14,"column":51},"end":{"line":24,"column":4}}},"2":{"name":"(anonymous_10)","decl":{"start":{"line":14,"column":51},"end":{"line":14,"column":null}},"loc":{"start":{"line":14,"column":51},"end":{"line":24,"column":3}}},"3":{"name":"(anonymous_11)","decl":{"start":{"line":26,"column":28},"end":{"line":26,"column":29}},"loc":{"start":{"line":26,"column":71},"end":{"line":39,"column":3}}},"4":{"name":"(anonymous_12)","decl":{"start":{"line":31,"column":17},"end":{"line":31,"column":20}},"loc":{"start":{"line":31,"column":22},"end":{"line":37,"column":7}}},"5":{"name":"(anonymous_13)","decl":{"start":{"line":41,"column":24},"end":{"line":41,"column":25}},"loc":{"start":{"line":41,"column":69},"end":{"line":48,"column":3}}},"6":{"name":"(anonymous_14)","decl":{"start":{"line":67,"column":42},"end":{"line":67,"column":43}},"loc":{"start":{"line":68,"column":18},"end":{"line":68,"column":null}}}},"branchMap":{"0":{"loc":{"start":{"line":18,"column":16},"end":{"line":18,"column":33}},"type":"binary-expr","locations":[{"start":{"line":18,"column":16},"end":{"line":18,"column":27}},{"start":{"line":18,"column":31},"end":{"line":18,"column":33}}]},"1":{"loc":{"start":{"line":29,"column":4},"end":{"line":29,"column":51}},"type":"if","locations":[{"start":{"line":29,"column":4},"end":{"line":29,"column":51}}]},"2":{"loc":{"start":{"line":32,"column":8},"end":{"line":36,"column":9}},"type":"if","locations":[{"start":{"line":32,"column":8},"end":{"line":36,"column":9}},{"start":{"line":34,"column":15},"end":{"line":36,"column":9}}]},"3":{"loc":{"start":{"line":42,"column":4},"end":{"line":47,"column":5}},"type":"if","locations":[{"start":{"line":42,"column":4},"end":{"line":47,"column":5}}]},"4":{"loc":{"start":{"line":43,"column":6},"end":{"line":43,"column":53}},"type":"if","locations":[{"start":{"line":43,"column":6},"end":{"line":43,"column":53}}]},"5":{"loc":{"start":{"line":44,"column":6},"end":{"line":46,"column":7}},"type":"if","locations":[{"start":{"line":44,"column":6},"end":{"line":46,"column":7}}]},"6":{"loc":{"start":{"line":63,"column":11},"end":{"line":63,"column":41}},"type":"binary-expr","locations":[{"start":{"line":63,"column":11},"end":{"line":63,"column":20}},{"start":{"line":63,"column":24},"end":{"line":63,"column":41}}]},"7":{"loc":{"start":{"line":65,"column":13},"end":{"line":74,"column":null}},"type":"cond-expr","locations":[{"start":{"line":66,"column":14},"end":{"line":71,"column":null}},{"start":{"line":74,"column":14},"end":{"line":74,"column":51}}]},"8":{"loc":{"start":{"line":67,"column":17},"end":{"line":71,"column":18}},"type":"binary-expr","locations":[{"start":{"line":67,"column":17},"end":{"line":67,"column":27}},{"start":{"line":67,"column":31},"end":{"line":71,"column":18}}]},"9":{"loc":{"start":{"line":74,"column":14},"end":{"line":74,"column":51}},"type":"binary-expr","locations":[{"start":{"line":74,"column":14},"end":{"line":74,"column":24}},{"start":{"line":74,"column":28},"end":{"line":74,"column":51}}]}},"s":{"0":1,"1":1,"2":1,"3":1,"4":1,"5":1,"6":21,"7":21,"8":21,"9":21,"10":21,"11":3,"12":3,"13":3,"14":3,"15":3,"16":0,"17":3,"18":21,"19":7,"20":7,"21":7,"22":1,"23":7,"24":0,"25":0,"26":0,"27":21,"28":3,"29":3,"30":3,"31":3,"32":3,"33":21,"34":3,"35":1},"f":{"0":21,"1":3,"2":3,"3":7,"4":0,"5":3,"6":3},"b":{"0":[3,0],"1":[1],"2":[0,0],"3":[3],"4":[3],"5":[3],"6":[21,3],"7":[3,18],"8":[3,3],"9":[18,15]}}
,"D:\\Practices\\assignment\\movies-world\\src\\components\\MovieCard.tsx": {"path":"D:\\Practices\\assignment\\movies-world\\src\\components\\MovieCard.tsx","statementMap":{"0":{"start":{"line":1,"column":0},"end":{"line":1,"column":38}},"1":{"start":{"line":2,"column":0},"end":{"line":2,"column":52}},"2":{"start":{"line":3,"column":0},"end":{"line":3,"column":36}},"3":{"start":{"line":4,"column":0},"end":{"line":4,"column":24}},"4":{"start":{"line":5,"column":0},"end":{"line":5,"column":50}},"5":{"start":{"line":13,"column":55},"end":{"line":25,"column":1}},"6":{"start":{"line":14,"column":4},"end":{"line":24,"column":null}},"7":{"start":{"line":27,"column":0},"end":{"line":27,"column":null}}},"fnMap":{"0":{"name":"(anonymous_1)","decl":{"start":{"line":13,"column":55},"end":{"line":13,"column":56}},"loc":{"start":{"line":13,"column":69},"end":{"line":25,"column":1}}}},"branchMap":{},"s":{"0":1,"1":1,"2":1,"3":1,"4":1,"5":1,"6":3,"7":1},"f":{"0":3},"b":{}}
}
