TN:
SF:src\App.tsx
FN:8,App
FN:14,(anonymous_9)
FN:14,(anonymous_10)
FN:26,(anonymous_11)
FN:31,(anonymous_12)
FN:41,(anonymous_13)
FN:67,(anonymous_14)
FNF:7
FNH:6
FNDA:21,App
FNDA:3,(anonymous_9)
FNDA:3,(anonymous_10)
FNDA:7,(anonymous_11)
FNDA:0,(anonymous_12)
FNDA:3,(anonymous_13)
FNDA:3,(anonymous_14)
DA:1,1
DA:3,1
DA:4,1
DA:5,1
DA:6,1
DA:7,1
DA:9,21
DA:11,21
DA:12,21
DA:13,21
DA:14,21
DA:15,3
DA:16,3
DA:17,3
DA:18,3
DA:20,0
DA:22,3
DA:26,21
DA:27,7
DA:28,7
DA:29,7
DA:30,7
DA:32,0
DA:33,0
DA:35,0
DA:41,21
DA:42,3
DA:43,3
DA:44,3
DA:45,3
DA:50,21
DA:68,3
DA:85,1
LF:33
LH:29
BRDA:18,0,0,3
BRDA:18,0,1,0
BRDA:29,1,0,1
BRDA:32,2,0,0
BRDA:32,2,1,0
BRDA:42,3,0,3
BRDA:43,4,0,3
BRDA:44,5,0,3
BRDA:63,6,0,21
BRDA:63,6,1,3
BRDA:65,7,0,3
BRDA:65,7,1,18
BRDA:67,8,0,3
BRDA:67,8,1,3
BRDA:74,9,0,18
BRDA:74,9,1,15
BRF:16
BRH:13
end_of_record
TN:
SF:src\components\MovieCard.tsx
FN:13,(anonymous_1)
FNF:1
FNH:1
FNDA:3,(anonymous_1)
DA:1,1
DA:2,1
DA:3,1
DA:4,1
DA:5,1
DA:13,1
DA:14,3
DA:27,1
LF:8
LH:8
BRF:0
BRH:0
end_of_record
